{"D:\\Git\\Misc\\DateDiff\\spec\\DateDiffSpec.js":{"path":"D:\\Git\\Misc\\DateDiff\\spec\\DateDiffSpec.js","s":{"1":1,"2":1,"3":1,"4":1,"5":1,"6":1,"7":1,"8":1,"9":1,"10":1,"11":1,"12":1,"13":1,"14":1,"15":1,"16":1,"17":1,"18":1,"19":1,"20":1,"21":1,"22":1,"23":1,"24":1,"25":1,"26":1,"27":1,"28":1,"29":1,"30":1,"31":1,"32":1,"33":1,"34":1,"35":1,"36":1,"37":1,"38":1,"39":1,"40":1,"41":1,"42":1,"43":1,"44":1,"45":1,"46":1,"47":1,"48":1,"49":1,"50":1,"51":1,"52":1,"53":1,"54":1,"55":1,"56":1,"57":1,"58":1,"59":1,"60":1,"61":1,"62":1,"63":1,"64":1,"65":1,"66":1,"67":1,"68":1,"69":1,"70":1,"71":1,"72":1,"73":1,"74":1,"75":1,"76":1,"77":1,"78":1,"79":1,"80":1,"81":1,"82":1,"83":1,"84":1,"85":1,"86":1,"87":1,"88":1,"89":1,"90":1,"91":1,"92":1,"93":1},"b":{},"f":{"1":1,"2":1,"3":1,"4":1,"5":1},"fnMap":{"1":{"name":"(anonymous_1)","line":3,"loc":{"start":{"line":3,"column":22},"end":{"line":3,"column":34}}},"2":{"name":"(anonymous_2)","line":4,"loc":{"start":{"line":4,"column":25},"end":{"line":4,"column":37}}},"3":{"name":"(anonymous_3)","line":70,"loc":{"start":{"line":70,"column":37},"end":{"line":70,"column":49}}},"4":{"name":"(anonymous_4)","line":98,"loc":{"start":{"line":98,"column":33},"end":{"line":98,"column":45}}},"5":{"name":"(anonymous_5)","line":126,"loc":{"start":{"line":126,"column":29},"end":{"line":126,"column":41}}}},"statementMap":{"1":{"start":{"line":1,"column":0},"end":{"line":1,"column":35}},"2":{"start":{"line":3,"column":0},"end":{"line":133,"column":3}},"3":{"start":{"line":4,"column":4},"end":{"line":68,"column":7}},"4":{"start":{"line":5,"column":8},"end":{"line":7,"column":45}},"5":{"start":{"line":6,"column":12},"end":{"line":6,"column":27}},"6":{"start":{"line":9,"column":8},"end":{"line":11,"column":45}},"7":{"start":{"line":10,"column":12},"end":{"line":10,"column":31}},"8":{"start":{"line":13,"column":8},"end":{"line":15,"column":45}},"9":{"start":{"line":14,"column":12},"end":{"line":14,"column":49}},"10":{"start":{"line":17,"column":8},"end":{"line":19,"column":45}},"11":{"start":{"line":18,"column":12},"end":{"line":18,"column":49}},"12":{"start":{"line":21,"column":8},"end":{"line":23,"column":45}},"13":{"start":{"line":22,"column":12},"end":{"line":22,"column":49}},"14":{"start":{"line":25,"column":8},"end":{"line":27,"column":45}},"15":{"start":{"line":26,"column":12},"end":{"line":26,"column":49}},"16":{"start":{"line":29,"column":8},"end":{"line":31,"column":45}},"17":{"start":{"line":30,"column":12},"end":{"line":30,"column":49}},"18":{"start":{"line":33,"column":8},"end":{"line":35,"column":45}},"19":{"start":{"line":34,"column":12},"end":{"line":34,"column":49}},"20":{"start":{"line":37,"column":8},"end":{"line":39,"column":45}},"21":{"start":{"line":38,"column":12},"end":{"line":38,"column":49}},"22":{"start":{"line":41,"column":8},"end":{"line":43,"column":45}},"23":{"start":{"line":42,"column":12},"end":{"line":42,"column":49}},"24":{"start":{"line":45,"column":8},"end":{"line":47,"column":45}},"25":{"start":{"line":46,"column":12},"end":{"line":46,"column":49}},"26":{"start":{"line":49,"column":8},"end":{"line":51,"column":45}},"27":{"start":{"line":50,"column":12},"end":{"line":50,"column":49}},"28":{"start":{"line":53,"column":8},"end":{"line":55,"column":45}},"29":{"start":{"line":54,"column":12},"end":{"line":54,"column":49}},"30":{"start":{"line":57,"column":8},"end":{"line":59,"column":45}},"31":{"start":{"line":58,"column":12},"end":{"line":58,"column":49}},"32":{"start":{"line":61,"column":8},"end":{"line":63,"column":45}},"33":{"start":{"line":62,"column":12},"end":{"line":62,"column":49}},"34":{"start":{"line":65,"column":8},"end":{"line":67,"column":45}},"35":{"start":{"line":66,"column":12},"end":{"line":66,"column":49}},"36":{"start":{"line":70,"column":4},"end":{"line":96,"column":7}},"37":{"start":{"line":71,"column":8},"end":{"line":71,"column":61}},"38":{"start":{"line":72,"column":8},"end":{"line":72,"column":62}},"39":{"start":{"line":73,"column":8},"end":{"line":73,"column":62}},"40":{"start":{"line":74,"column":8},"end":{"line":74,"column":62}},"41":{"start":{"line":75,"column":8},"end":{"line":75,"column":63}},"42":{"start":{"line":76,"column":8},"end":{"line":76,"column":63}},"43":{"start":{"line":77,"column":8},"end":{"line":77,"column":63}},"44":{"start":{"line":78,"column":8},"end":{"line":78,"column":63}},"45":{"start":{"line":79,"column":8},"end":{"line":79,"column":63}},"46":{"start":{"line":80,"column":8},"end":{"line":80,"column":63}},"47":{"start":{"line":81,"column":8},"end":{"line":81,"column":63}},"48":{"start":{"line":82,"column":8},"end":{"line":82,"column":63}},"49":{"start":{"line":83,"column":8},"end":{"line":83,"column":63}},"50":{"start":{"line":84,"column":8},"end":{"line":84,"column":62}},"51":{"start":{"line":85,"column":8},"end":{"line":85,"column":62}},"52":{"start":{"line":86,"column":8},"end":{"line":86,"column":62}},"53":{"start":{"line":87,"column":8},"end":{"line":87,"column":63}},"54":{"start":{"line":88,"column":8},"end":{"line":88,"column":63}},"55":{"start":{"line":89,"column":8},"end":{"line":89,"column":63}},"56":{"start":{"line":90,"column":8},"end":{"line":90,"column":63}},"57":{"start":{"line":91,"column":8},"end":{"line":91,"column":63}},"58":{"start":{"line":92,"column":8},"end":{"line":92,"column":63}},"59":{"start":{"line":93,"column":8},"end":{"line":93,"column":63}},"60":{"start":{"line":94,"column":8},"end":{"line":94,"column":63}},"61":{"start":{"line":95,"column":8},"end":{"line":95,"column":63}},"62":{"start":{"line":98,"column":4},"end":{"line":124,"column":7}},"63":{"start":{"line":99,"column":8},"end":{"line":99,"column":61}},"64":{"start":{"line":100,"column":8},"end":{"line":100,"column":62}},"65":{"start":{"line":101,"column":8},"end":{"line":101,"column":62}},"66":{"start":{"line":102,"column":8},"end":{"line":102,"column":62}},"67":{"start":{"line":103,"column":8},"end":{"line":103,"column":63}},"68":{"start":{"line":104,"column":8},"end":{"line":104,"column":63}},"69":{"start":{"line":105,"column":8},"end":{"line":105,"column":63}},"70":{"start":{"line":106,"column":8},"end":{"line":106,"column":63}},"71":{"start":{"line":107,"column":8},"end":{"line":107,"column":63}},"72":{"start":{"line":108,"column":8},"end":{"line":108,"column":63}},"73":{"start":{"line":109,"column":8},"end":{"line":109,"column":63}},"74":{"start":{"line":110,"column":8},"end":{"line":110,"column":63}},"75":{"start":{"line":111,"column":8},"end":{"line":111,"column":63}},"76":{"start":{"line":112,"column":8},"end":{"line":112,"column":62}},"77":{"start":{"line":113,"column":8},"end":{"line":113,"column":62}},"78":{"start":{"line":114,"column":8},"end":{"line":114,"column":62}},"79":{"start":{"line":115,"column":8},"end":{"line":115,"column":63}},"80":{"start":{"line":116,"column":8},"end":{"line":116,"column":63}},"81":{"start":{"line":117,"column":8},"end":{"line":117,"column":63}},"82":{"start":{"line":118,"column":8},"end":{"line":118,"column":63}},"83":{"start":{"line":119,"column":8},"end":{"line":119,"column":63}},"84":{"start":{"line":120,"column":8},"end":{"line":120,"column":63}},"85":{"start":{"line":121,"column":8},"end":{"line":121,"column":63}},"86":{"start":{"line":122,"column":8},"end":{"line":122,"column":63}},"87":{"start":{"line":123,"column":8},"end":{"line":123,"column":63}},"88":{"start":{"line":126,"column":4},"end":{"line":132,"column":7}},"89":{"start":{"line":127,"column":8},"end":{"line":127,"column":62}},"90":{"start":{"line":128,"column":8},"end":{"line":128,"column":59}},"91":{"start":{"line":129,"column":8},"end":{"line":129,"column":61}},"92":{"start":{"line":130,"column":8},"end":{"line":130,"column":62}},"93":{"start":{"line":131,"column":8},"end":{"line":131,"column":64}}},"branchMap":{}},"D:\\Git\\Misc\\DateDiff\\index.js":{"path":"D:\\Git\\Misc\\DateDiff\\index.js","s":{"1":1,"2":1},"b":{},"f":{},"fnMap":{},"statementMap":{"1":{"start":{"line":1,"column":0},"end":{"line":1,"column":37}},"2":{"start":{"line":3,"column":0},"end":{"line":3,"column":26}}},"branchMap":{}},"D:\\Git\\Misc\\DateDiff\\datediff.js":{"path":"D:\\Git\\Misc\\DateDiff\\datediff.js","s":{"1":1,"2":71,"3":15,"4":56,"5":1,"6":55,"7":55,"8":55,"9":55,"10":55,"11":1,"12":110,"13":66,"14":66,"15":110,"16":1,"17":127,"18":1,"19":126,"20":126,"21":2,"22":124,"23":124,"24":10,"25":114,"26":1,"27":113,"28":2,"29":111,"30":1,"31":236,"32":236,"33":236,"34":234,"35":234,"36":234,"37":234,"38":2,"39":1,"40":113,"41":1,"42":114,"43":1,"44":124,"45":8,"46":4,"47":4,"48":116,"49":91,"50":25,"51":1,"52":8,"53":5,"54":3,"55":1},"b":{"1":[15,56],"2":[1,55],"3":[66,44],"4":[1,126],"5":[127,126],"6":[2,124],"7":[10,114],"8":[1,113],"9":[2,111],"10":[234,2],"11":[114,114],"12":[8,116],"13":[4,4],"14":[91,25],"15":[80,11],"16":[14,11],"17":[5,3]},"f":{"1":71,"2":110,"3":127,"4":236,"5":113,"6":114,"7":124,"8":8},"fnMap":{"1":{"name":"datediff","line":1,"loc":{"start":{"line":1,"column":0},"end":{"line":1,"column":40}}},"2":{"name":"getDays","line":20,"loc":{"start":{"line":20,"column":0},"end":{"line":20,"column":39}}},"3":{"name":"isValidDate","line":32,"loc":{"start":{"line":32,"column":0},"end":{"line":32,"column":31}}},"4":{"name":"parseDateText","line":58,"loc":{"start":{"line":58,"column":0},"end":{"line":58,"column":33}}},"5":{"name":"isValidYear","line":78,"loc":{"start":{"line":78,"column":0},"end":{"line":78,"column":27}}},"6":{"name":"isValidMonth","line":83,"loc":{"start":{"line":83,"column":0},"end":{"line":83,"column":29}}},"7":{"name":"isValidDay","line":87,"loc":{"start":{"line":87,"column":0},"end":{"line":87,"column":38}}},"8":{"name":"isLeapYear","line":108,"loc":{"start":{"line":108,"column":0},"end":{"line":108,"column":26}}}},"statementMap":{"1":{"start":{"line":1,"column":0},"end":{"line":17,"column":1}},"2":{"start":{"line":2,"column":4},"end":{"line":4,"column":5}},"3":{"start":{"line":3,"column":8},"end":{"line":3,"column":97}},"4":{"start":{"line":6,"column":4},"end":{"line":8,"column":5}},"5":{"start":{"line":7,"column":8},"end":{"line":7,"column":97}},"6":{"start":{"line":10,"column":4},"end":{"line":10,"column":41}},"7":{"start":{"line":11,"column":4},"end":{"line":11,"column":41}},"8":{"start":{"line":13,"column":4},"end":{"line":13,"column":31}},"9":{"start":{"line":14,"column":4},"end":{"line":14,"column":31}},"10":{"start":{"line":16,"column":4},"end":{"line":16,"column":25}},"11":{"start":{"line":20,"column":0},"end":{"line":30,"column":1}},"12":{"start":{"line":22,"column":4},"end":{"line":25,"column":5}},"13":{"start":{"line":23,"column":8},"end":{"line":23,"column":27}},"14":{"start":{"line":24,"column":8},"end":{"line":24,"column":24}},"15":{"start":{"line":27,"column":4},"end":{"line":29,"column":42}},"16":{"start":{"line":32,"column":0},"end":{"line":56,"column":1}},"17":{"start":{"line":33,"column":4},"end":{"line":35,"column":5}},"18":{"start":{"line":34,"column":8},"end":{"line":34,"column":21}},"19":{"start":{"line":37,"column":4},"end":{"line":37,"column":45}},"20":{"start":{"line":38,"column":4},"end":{"line":39,"column":21}},"21":{"start":{"line":39,"column":8},"end":{"line":39,"column":21}},"22":{"start":{"line":41,"column":4},"end":{"line":41,"column":42}},"23":{"start":{"line":43,"column":4},"end":{"line":45,"column":5}},"24":{"start":{"line":44,"column":8},"end":{"line":44,"column":21}},"25":{"start":{"line":47,"column":4},"end":{"line":49,"column":5}},"26":{"start":{"line":48,"column":8},"end":{"line":48,"column":21}},"27":{"start":{"line":51,"column":4},"end":{"line":53,"column":5}},"28":{"start":{"line":52,"column":8},"end":{"line":52,"column":21}},"29":{"start":{"line":55,"column":4},"end":{"line":55,"column":16}},"30":{"start":{"line":58,"column":0},"end":{"line":76,"column":1}},"31":{"start":{"line":59,"column":4},"end":{"line":59,"column":31}},"32":{"start":{"line":61,"column":4},"end":{"line":61,"column":63}},"33":{"start":{"line":63,"column":4},"end":{"line":73,"column":5}},"34":{"start":{"line":64,"column":8},"end":{"line":64,"column":37}},"35":{"start":{"line":65,"column":8},"end":{"line":65,"column":39}},"36":{"start":{"line":66,"column":8},"end":{"line":66,"column":38}},"37":{"start":{"line":68,"column":8},"end":{"line":72,"column":9}},"38":{"start":{"line":75,"column":4},"end":{"line":75,"column":21}},"39":{"start":{"line":78,"column":0},"end":{"line":81,"column":1}},"40":{"start":{"line":80,"column":4},"end":{"line":80,"column":24}},"41":{"start":{"line":83,"column":0},"end":{"line":85,"column":1}},"42":{"start":{"line":84,"column":4},"end":{"line":84,"column":37}},"43":{"start":{"line":87,"column":0},"end":{"line":106,"column":1}},"44":{"start":{"line":93,"column":4},"end":{"line":99,"column":5}},"45":{"start":{"line":94,"column":8},"end":{"line":96,"column":9}},"46":{"start":{"line":95,"column":12},"end":{"line":95,"column":29}},"47":{"start":{"line":98,"column":8},"end":{"line":98,"column":25}},"48":{"start":{"line":101,"column":4},"end":{"line":103,"column":5}},"49":{"start":{"line":102,"column":8},"end":{"line":102,"column":51}},"50":{"start":{"line":105,"column":4},"end":{"line":105,"column":47}},"51":{"start":{"line":108,"column":0},"end":{"line":114,"column":1}},"52":{"start":{"line":109,"column":4},"end":{"line":111,"column":5}},"53":{"start":{"line":110,"column":8},"end":{"line":110,"column":31}},"54":{"start":{"line":113,"column":4},"end":{"line":113,"column":25}},"55":{"start":{"line":116,"column":0},"end":{"line":116,"column":26}}},"branchMap":{"1":{"line":2,"type":"if","locations":[{"start":{"line":2,"column":4},"end":{"line":2,"column":4}},{"start":{"line":2,"column":4},"end":{"line":2,"column":4}}]},"2":{"line":6,"type":"if","locations":[{"start":{"line":6,"column":4},"end":{"line":6,"column":4}},{"start":{"line":6,"column":4},"end":{"line":6,"column":4}}]},"3":{"line":22,"type":"if","locations":[{"start":{"line":22,"column":4},"end":{"line":22,"column":4}},{"start":{"line":22,"column":4},"end":{"line":22,"column":4}}]},"4":{"line":33,"type":"if","locations":[{"start":{"line":33,"column":4},"end":{"line":33,"column":4}},{"start":{"line":33,"column":4},"end":{"line":33,"column":4}}]},"5":{"line":33,"type":"binary-expr","locations":[{"start":{"line":33,"column":8},"end":{"line":33,"column":17}},{"start":{"line":33,"column":21},"end":{"line":33,"column":51}}]},"6":{"line":38,"type":"if","locations":[{"start":{"line":38,"column":4},"end":{"line":38,"column":4}},{"start":{"line":38,"column":4},"end":{"line":38,"column":4}}]},"7":{"line":43,"type":"if","locations":[{"start":{"line":43,"column":4},"end":{"line":43,"column":4}},{"start":{"line":43,"column":4},"end":{"line":43,"column":4}}]},"8":{"line":47,"type":"if","locations":[{"start":{"line":47,"column":4},"end":{"line":47,"column":4}},{"start":{"line":47,"column":4},"end":{"line":47,"column":4}}]},"9":{"line":51,"type":"if","locations":[{"start":{"line":51,"column":4},"end":{"line":51,"column":4}},{"start":{"line":51,"column":4},"end":{"line":51,"column":4}}]},"10":{"line":63,"type":"if","locations":[{"start":{"line":63,"column":4},"end":{"line":63,"column":4}},{"start":{"line":63,"column":4},"end":{"line":63,"column":4}}]},"11":{"line":84,"type":"binary-expr","locations":[{"start":{"line":84,"column":11},"end":{"line":84,"column":21}},{"start":{"line":84,"column":25},"end":{"line":84,"column":36}}]},"12":{"line":93,"type":"if","locations":[{"start":{"line":93,"column":4},"end":{"line":93,"column":4}},{"start":{"line":93,"column":4},"end":{"line":93,"column":4}}]},"13":{"line":94,"type":"if","locations":[{"start":{"line":94,"column":8},"end":{"line":94,"column":8}},{"start":{"line":94,"column":8},"end":{"line":94,"column":8}}]},"14":{"line":101,"type":"if","locations":[{"start":{"line":101,"column":4},"end":{"line":101,"column":4}},{"start":{"line":101,"column":4},"end":{"line":101,"column":4}}]},"15":{"line":102,"type":"cond-expr","locations":[{"start":{"line":102,"column":42},"end":{"line":102,"column":44}},{"start":{"line":102,"column":47},"end":{"line":102,"column":49}}]},"16":{"line":105,"type":"cond-expr","locations":[{"start":{"line":105,"column":38},"end":{"line":105,"column":40}},{"start":{"line":105,"column":43},"end":{"line":105,"column":45}}]},"17":{"line":109,"type":"if","locations":[{"start":{"line":109,"column":4},"end":{"line":109,"column":4}},{"start":{"line":109,"column":4},"end":{"line":109,"column":4}}]}}}}