TN:
SF:D:\Git\Misc\DateDiff\spec\DateDiffSpec.js
FN:3,(anonymous_1)
FN:4,(anonymous_2)
FN:70,(anonymous_3)
FN:98,(anonymous_4)
FN:126,(anonymous_5)
FNF:5
FNH:5
FNDA:1,(anonymous_1)
FNDA:1,(anonymous_2)
FNDA:1,(anonymous_3)
FNDA:1,(anonymous_4)
FNDA:1,(anonymous_5)
DA:1,1
DA:3,1
DA:4,1
DA:5,1
DA:6,1
DA:9,1
DA:10,1
DA:13,1
DA:14,1
DA:17,1
DA:18,1
DA:21,1
DA:22,1
DA:25,1
DA:26,1
DA:29,1
DA:30,1
DA:33,1
DA:34,1
DA:37,1
DA:38,1
DA:41,1
DA:42,1
DA:45,1
DA:46,1
DA:49,1
DA:50,1
DA:53,1
DA:54,1
DA:57,1
DA:58,1
DA:61,1
DA:62,1
DA:65,1
DA:66,1
DA:70,1
DA:71,1
DA:72,1
DA:73,1
DA:74,1
DA:75,1
DA:76,1
DA:77,1
DA:78,1
DA:79,1
DA:80,1
DA:81,1
DA:82,1
DA:83,1
DA:84,1
DA:85,1
DA:86,1
DA:87,1
DA:88,1
DA:89,1
DA:90,1
DA:91,1
DA:92,1
DA:93,1
DA:94,1
DA:95,1
DA:98,1
DA:99,1
DA:100,1
DA:101,1
DA:102,1
DA:103,1
DA:104,1
DA:105,1
DA:106,1
DA:107,1
DA:108,1
DA:109,1
DA:110,1
DA:111,1
DA:112,1
DA:113,1
DA:114,1
DA:115,1
DA:116,1
DA:117,1
DA:118,1
DA:119,1
DA:120,1
DA:121,1
DA:122,1
DA:123,1
DA:126,1
DA:127,1
DA:128,1
DA:129,1
DA:130,1
DA:131,1
LF:93
LH:93
BRF:0
BRH:0
end_of_record
TN:
SF:D:\Git\Misc\DateDiff\index.js
FNF:0
FNH:0
DA:1,1
DA:3,1
LF:2
LH:2
BRF:0
BRH:0
end_of_record
TN:
SF:D:\Git\Misc\DateDiff\datediff.js
FN:1,datediff
FN:20,getDays
FN:32,isValidDate
FN:58,parseDateText
FN:78,isValidYear
FN:83,isValidMonth
FN:87,isValidDay
FN:108,isLeapYear
FNF:8
FNH:8
FNDA:71,datediff
FNDA:110,getDays
FNDA:127,isValidDate
FNDA:236,parseDateText
FNDA:113,isValidYear
FNDA:114,isValidMonth
FNDA:124,isValidDay
FNDA:8,isLeapYear
DA:1,1
DA:2,71
DA:3,15
DA:6,56
DA:7,1
DA:10,55
DA:11,55
DA:13,55
DA:14,55
DA:16,55
DA:20,1
DA:22,110
DA:23,66
DA:24,66
DA:27,110
DA:32,1
DA:33,127
DA:34,1
DA:37,126
DA:38,126
DA:39,2
DA:41,124
DA:43,124
DA:44,10
DA:47,114
DA:48,1
DA:51,113
DA:52,2
DA:55,111
DA:58,1
DA:59,236
DA:61,236
DA:63,236
DA:64,234
DA:65,234
DA:66,234
DA:68,234
DA:75,2
DA:78,1
DA:80,113
DA:83,1
DA:84,114
DA:87,1
DA:93,124
DA:94,8
DA:95,4
DA:98,4
DA:101,116
DA:102,91
DA:105,25
DA:108,1
DA:109,8
DA:110,5
DA:113,3
DA:116,1
LF:55
LH:55
BRDA:2,1,0,15
BRDA:2,1,1,56
BRDA:6,2,0,1
BRDA:6,2,1,55
BRDA:22,3,0,66
BRDA:22,3,1,44
BRDA:33,4,0,1
BRDA:33,4,1,126
BRDA:33,5,0,127
BRDA:33,5,1,126
BRDA:38,6,0,2
BRDA:38,6,1,124
BRDA:43,7,0,10
BRDA:43,7,1,114
BRDA:47,8,0,1
BRDA:47,8,1,113
BRDA:51,9,0,2
BRDA:51,9,1,111
BRDA:63,10,0,234
BRDA:63,10,1,2
BRDA:84,11,0,114
BRDA:84,11,1,114
BRDA:93,12,0,8
BRDA:93,12,1,116
BRDA:94,13,0,4
BRDA:94,13,1,4
BRDA:101,14,0,91
BRDA:101,14,1,25
BRDA:102,15,0,80
BRDA:102,15,1,11
BRDA:105,16,0,14
BRDA:105,16,1,11
BRDA:109,17,0,5
BRDA:109,17,1,3
BRF:34
BRH:34
end_of_record
